[INFO]: Preparing LEF files for the nom corner...
[INFO]: Preparing LEF files for the min corner...
[INFO]: Preparing LEF files for the max corner...
[INFO]: Running Synthesis (log: designs/efabless_segmentation_memories/runs/server_config/logs/synthesis/1-synthesis.log)...
[INFO]: Running Single-Corner Static Timing Analysis (log: designs/efabless_segmentation_memories/runs/server_config/logs/synthesis/2-sta.log)...
[INFO]: Creating a netlist with power/ground pins.
[INFO]: Running Initial Floorplanning (log: designs/efabless_segmentation_memories/runs/server_config/logs/floorplan/3-initial_fp.log)...
[INFO]: Floorplanned with width 2908.58 and height 3497.92.
[INFO]: Running IO Placement (log: designs/efabless_segmentation_memories/runs/server_config/logs/floorplan/4-place_io.log)...
[INFO]: Running Global Placement (log: designs/efabless_segmentation_memories/runs/server_config/logs/placement/5-global.log)...
[INFO]: Running Single-Corner Static Timing Analysis (log: designs/efabless_segmentation_memories/runs/server_config/logs/placement/6-sta-global.log)...
[INFO]: Running basic macro placement (log: designs/efabless_segmentation_memories/runs/server_config/logs/placement/7-basic_mp.log)...
[INFO]: Power planning with power {vccd1 vccd2 vdda1 vdda2} and ground {vssd1 vssd2 vssa1 vssa2}...
[INFO]: Generating PDN (log: designs/efabless_segmentation_memories/runs/server_config/logs/floorplan/8-pdn.log)...
[INFO]: Performing Random Global Placement (log: designs/efabless_segmentation_memories/runs/server_config/logs/placement/9-global.log)...
[INFO]: Skipping Placement Resizer Design Optimizations.
[INFO]: Running Detailed Placement (log: designs/efabless_segmentation_memories/runs/server_config/logs/placement/10-detailed.log)...
[INFO]: Running Single-Corner Static Timing Analysis (log: designs/efabless_segmentation_memories/runs/server_config/logs/placement/11-sta.log)...
[INFO]: Running Clock Tree Synthesis (log: designs/efabless_segmentation_memories/runs/server_config/logs/cts/12-cts.log)...
[INFO]: Running Single-Corner Static Timing Analysis (log: designs/efabless_segmentation_memories/runs/server_config/logs/cts/13-sta.log)...
[INFO]: Skipping Placement Resizer Timing Optimizations.
[INFO]: Skipping Global Routing Resizer Design Optimizations.
[INFO]: Running Global Routing Resizer Timing Optimizations (log: designs/efabless_segmentation_memories/runs/server_config/logs/routing/14-resizer_timing.log)...
[ERROR]: during executing openroad script /openlane/scripts/openroad/resizer_routing_timing.tcl
[ERROR]: Log: designs/efabless_segmentation_memories/runs/server_config/logs/routing/14-resizer_timing.log
[ERROR]: Last 10 lines:
[INFO GRT-0101] Running extra iterations to remove overflow.
[INFO GRT-0103] Extra Run for hard benchmark.
[INFO GRT-0197] Via related to pin nodes: 39480
[INFO GRT-0198] Via related Steiner nodes: 3402
[INFO GRT-0199] Via filling finished.
[INFO GRT-0111] Final number of vias: 134804
[INFO GRT-0112] Final usage 3D: 3743051
[ERROR GRT-0118] Routing congestion too high. Check the congestion heatmap in the GUI.
Error: resizer_routing_timing.tcl, 39 GRT-0118
child process exited abnormally

[ERROR]: Creating issue reproducible...
[INFO]: Saving runtime environment...
[INFO]: Reproducible packaged: Please tarball and upload 'designs/efabless_segmentation_memories/runs/server_config/issue_reproducible' if you're going to submit an issue.
[ERROR]: Step(14:routing) failed with error:
-code 1 -level 0 -errorcode NONE -errorinfo {
    while executing
"throw_error"
    (procedure "run_tcl_script" line 219)
    invoked from within
"run_tcl_script -tool openroad -no_consume {*}$args"
    (procedure "run_openroad_script" line 2)
    invoked from within
"run_openroad_script $::env(SCRIPTS_DIR)/openroad/resizer_routing_timing.tcl -indexed_log $log -save "dir=$::env(routing_tmpfiles),def,sdc,odb,netlist,..."
    (procedure "run_resizer_timing_routing" line 8)
    invoked from within
"run_resizer_timing_routing"
    (procedure "run_routing" line 9)
    invoked from within
"run_routing"
    (procedure "run_routing_step" line 7)
    invoked from within
"run_routing_step"} -errorline 1
[INFO]: Saving current set of views in 'designs/efabless_segmentation_memories/runs/server_config/results/final'...
[INFO]: Generating final set of reports...
[INFO]: Created manufacturability report at 'designs/efabless_segmentation_memories/runs/server_config/reports/manufacturability.rpt'.
[INFO]: Created metrics report at 'designs/efabless_segmentation_memories/runs/server_config/reports/metrics.csv'.
[INFO]: Saving runtime environment...
[ERROR]: Flow failed.
