
80. Printing statistics.

=== user_project_wrapper ===

   Number of wires:               9181
   Number of wire bits:           9799
   Number of public wires:        9181
   Number of public wire bits:    9799
   Number of memories:               0
   Number of memory bits:            0
   Number of processes:              0
   Number of cells:               8656
     sky130_fd_sc_hd__a2111o_2       9
     sky130_fd_sc_hd__a211o_2       24
     sky130_fd_sc_hd__a211oi_2       3
     sky130_fd_sc_hd__a21bo_2       15
     sky130_fd_sc_hd__a21o_2        16
     sky130_fd_sc_hd__a21oi_2       21
     sky130_fd_sc_hd__a221o_2       28
     sky130_fd_sc_hd__a22o_2       269
     sky130_fd_sc_hd__a2bb2o_2       3
     sky130_fd_sc_hd__a31o_2        26
     sky130_fd_sc_hd__a32o_2         3
     sky130_fd_sc_hd__a41o_2         4
     sky130_fd_sc_hd__and2_2        35
     sky130_fd_sc_hd__and2b_2       52
     sky130_fd_sc_hd__and3_2       105
     sky130_fd_sc_hd__and3b_2       31
     sky130_fd_sc_hd__and4_2        90
     sky130_fd_sc_hd__and4b_2       33
     sky130_fd_sc_hd__and4bb_2       6
     sky130_fd_sc_hd__buf_1       1363
     sky130_fd_sc_hd__buf_2        586
     sky130_fd_sc_hd__conb_1      1906
     sky130_fd_sc_hd__dfbbn_2      300
     sky130_fd_sc_hd__inv_2        962
     sky130_fd_sc_hd__mux2_2      1350
     sky130_fd_sc_hd__mux4_2        20
     sky130_fd_sc_hd__nand2_2      338
     sky130_fd_sc_hd__nand2b_2       1
     sky130_fd_sc_hd__nand3_2       33
     sky130_fd_sc_hd__nand3b_2       2
     sky130_fd_sc_hd__nand4_2        2
     sky130_fd_sc_hd__nor2_2       143
     sky130_fd_sc_hd__nor3_2        61
     sky130_fd_sc_hd__nor3b_2        7
     sky130_fd_sc_hd__nor4_2        69
     sky130_fd_sc_hd__nor4b_2        2
     sky130_fd_sc_hd__o2111a_2       3
     sky130_fd_sc_hd__o211a_2        6
     sky130_fd_sc_hd__o21a_2        18
     sky130_fd_sc_hd__o21ai_2       22
     sky130_fd_sc_hd__o21ba_2        7
     sky130_fd_sc_hd__o221a_2        7
     sky130_fd_sc_hd__o22a_2        35
     sky130_fd_sc_hd__o22ai_2        3
     sky130_fd_sc_hd__o2bb2a_2       5
     sky130_fd_sc_hd__o32a_2         2
     sky130_fd_sc_hd__or2_2         23
     sky130_fd_sc_hd__or2b_2        14
     sky130_fd_sc_hd__or3_2         51
     sky130_fd_sc_hd__or3b_2         6
     sky130_fd_sc_hd__or4_2        368
     sky130_fd_sc_hd__or4b_2        50
     sky130_fd_sc_hd__or4bb_2        2
     sky130_fd_sc_hd__xnor2_2       28
     sky130_fd_sc_hd__xor2_2        86
     sky130_sram_0kbytes_1rw1r_24x32_8      1
     sky130_sram_1kbytes_1rw1r_200x48_8      1

   Area for cell type \sky130_sram_0kbytes_1rw1r_24x32_8 is unknown!
   Area for cell type \sky130_sram_1kbytes_1rw1r_200x48_8 is unknown!

   Chip area for module '\user_project_wrapper': 64709.561600

