OpenROAD 6840b7481d49c83870f79646cf979e66f22f6833 
This program is licensed under the BSD-3 license. See the LICENSE file for details.
Components of this program may be licensed under more restrictive licenses which must be honored.
[INFO]: Reading ODB at '/openlane/designs/efabless_segmentation_memories/runs/server_config/results/cts/user_project_wrapper.odb'...
define_corners Typical
read_liberty -corner Typical /openlane/designs/efabless_segmentation_memories/runs/server_config/tmp/synthesis/resizer_sky130_fd_sc_hd__tt_025C_1v80.lib
[INFO]: Setting signal min routing layer to: met1 and clock min routing layer to met1. 
[INFO]: Setting signal max routing layer to: met4 and clock max routing layer to met4. 
-congestion_iterations 50 -verbose
[INFO GRT-0020] Min routing layer: met1
[INFO GRT-0021] Max routing layer: met4
[INFO GRT-0022] Global adjustment: 30%
[INFO GRT-0023] Grid origin: (0, 0)
[INFO GRT-0043] No OR_DEFAULT vias defined.
[INFO GRT-0088] Layer li1     Track-Pitch = 0.4600  line-2-Via Pitch: 0.3400
[INFO GRT-0088] Layer met1    Track-Pitch = 0.3400  line-2-Via Pitch: 0.3400
[INFO GRT-0088] Layer met2    Track-Pitch = 0.4600  line-2-Via Pitch: 0.3500
[INFO GRT-0088] Layer met3    Track-Pitch = 0.6800  line-2-Via Pitch: 0.6150
[INFO GRT-0088] Layer met4    Track-Pitch = 0.9200  line-2-Via Pitch: 0.6150
[INFO GRT-0019] Found 396 clock nets.
[WARNING GRT-0036] Pin analog_io[0] is outside die area.
[WARNING GRT-0036] Pin analog_io[10] is outside die area.
[WARNING GRT-0036] Pin analog_io[11] is outside die area.
[WARNING GRT-0036] Pin analog_io[12] is outside die area.
[WARNING GRT-0036] Pin analog_io[13] is outside die area.
[WARNING GRT-0036] Pin analog_io[14] is outside die area.
[WARNING GRT-0036] Pin analog_io[15] is outside die area.
[WARNING GRT-0036] Pin analog_io[16] is outside die area.
[WARNING GRT-0036] Pin analog_io[17] is outside die area.
[WARNING GRT-0036] Pin analog_io[18] is outside die area.
[WARNING GRT-0036] Pin analog_io[19] is outside die area.
[WARNING GRT-0036] Pin analog_io[1] is outside die area.
[WARNING GRT-0036] Pin analog_io[20] is outside die area.
[WARNING GRT-0036] Pin analog_io[21] is outside die area.
[WARNING GRT-0036] Pin analog_io[22] is outside die area.
[WARNING GRT-0036] Pin analog_io[23] is outside die area.
[WARNING GRT-0036] Pin analog_io[24] is outside die area.
[WARNING GRT-0036] Pin analog_io[25] is outside die area.
[WARNING GRT-0036] Pin analog_io[26] is outside die area.
[WARNING GRT-0036] Pin analog_io[27] is outside die area.
[WARNING GRT-0036] Pin analog_io[28] is outside die area.
[WARNING GRT-0036] Pin analog_io[2] is outside die area.
[WARNING GRT-0036] Pin analog_io[3] is outside die area.
[WARNING GRT-0036] Pin analog_io[4] is outside die area.
[WARNING GRT-0036] Pin analog_io[5] is outside die area.
[WARNING GRT-0036] Pin analog_io[6] is outside die area.
[WARNING GRT-0036] Pin analog_io[7] is outside die area.
[WARNING GRT-0036] Pin analog_io[8] is outside die area.
[WARNING GRT-0036] Pin analog_io[9] is outside die area.
[WARNING GRT-0036] Pin io_in[0] is outside die area.
[WARNING GRT-0036] Pin io_in[10] is outside die area.
[WARNING GRT-0036] Pin io_in[11] is outside die area.
[WARNING GRT-0036] Pin io_in[12] is outside die area.
[WARNING GRT-0036] Pin io_in[13] is outside die area.
[WARNING GRT-0036] Pin io_in[14] is outside die area.
[WARNING GRT-0036] Pin io_in[15] is outside die area.
[WARNING GRT-0036] Pin io_in[16] is outside die area.
[WARNING GRT-0036] Pin io_in[17] is outside die area.
[WARNING GRT-0036] Pin io_in[18] is outside die area.
[WARNING GRT-0036] Pin io_in[19] is outside die area.
[WARNING GRT-0036] Pin io_in[1] is outside die area.
[WARNING GRT-0036] Pin io_in[20] is outside die area.
[WARNING GRT-0036] Pin io_in[21] is outside die area.
[WARNING GRT-0036] Pin io_in[22] is outside die area.
[WARNING GRT-0036] Pin io_in[23] is outside die area.
[WARNING GRT-0036] Pin io_in[24] is outside die area.
[WARNING GRT-0036] Pin io_in[25] is outside die area.
[WARNING GRT-0036] Pin io_in[26] is outside die area.
[WARNING GRT-0036] Pin io_in[27] is outside die area.
[WARNING GRT-0036] Pin io_in[28] is outside die area.
[WARNING GRT-0036] Pin io_in[29] is outside die area.
[WARNING GRT-0036] Pin io_in[2] is outside die area.
[WARNING GRT-0036] Pin io_in[30] is outside die area.
[WARNING GRT-0036] Pin io_in[31] is outside die area.
[WARNING GRT-0036] Pin io_in[32] is outside die area.
[WARNING GRT-0036] Pin io_in[33] is outside die area.
[WARNING GRT-0036] Pin io_in[34] is outside die area.
[WARNING GRT-0036] Pin io_in[35] is outside die area.
[WARNING GRT-0036] Pin io_in[36] is outside die area.
[WARNING GRT-0036] Pin io_in[37] is outside die area.
[WARNING GRT-0036] Pin io_in[3] is outside die area.
[WARNING GRT-0036] Pin io_in[4] is outside die area.
[WARNING GRT-0036] Pin io_in[5] is outside die area.
[WARNING GRT-0036] Pin io_in[6] is outside die area.
[WARNING GRT-0036] Pin io_in[7] is outside die area.
[WARNING GRT-0036] Pin io_in[8] is outside die area.
[WARNING GRT-0036] Pin io_in[9] is outside die area.
[WARNING GRT-0036] Pin io_oeb[0] is outside die area.
[WARNING GRT-0036] Pin io_oeb[10] is outside die area.
[WARNING GRT-0036] Pin io_oeb[11] is outside die area.
[WARNING GRT-0036] Pin io_oeb[12] is outside die area.
[WARNING GRT-0036] Pin io_oeb[13] is outside die area.
[WARNING GRT-0036] Pin io_oeb[14] is outside die area.
[WARNING GRT-0036] Pin io_oeb[15] is outside die area.
[WARNING GRT-0036] Pin io_oeb[16] is outside die area.
[WARNING GRT-0036] Pin io_oeb[17] is outside die area.
[WARNING GRT-0036] Pin io_oeb[18] is outside die area.
[WARNING GRT-0036] Pin io_oeb[19] is outside die area.
[WARNING GRT-0036] Pin io_oeb[1] is outside die area.
[WARNING GRT-0036] Pin io_oeb[20] is outside die area.
[WARNING GRT-0036] Pin io_oeb[21] is outside die area.
[WARNING GRT-0036] Pin io_oeb[22] is outside die area.
[WARNING GRT-0036] Pin io_oeb[23] is outside die area.
[WARNING GRT-0036] Pin io_oeb[24] is outside die area.
[WARNING GRT-0036] Pin io_oeb[25] is outside die area.
[WARNING GRT-0036] Pin io_oeb[26] is outside die area.
[WARNING GRT-0036] Pin io_oeb[27] is outside die area.
[WARNING GRT-0036] Pin io_oeb[28] is outside die area.
[WARNING GRT-0036] Pin io_oeb[29] is outside die area.
[WARNING GRT-0036] Pin io_oeb[2] is outside die area.
[WARNING GRT-0036] Pin io_oeb[30] is outside die area.
[WARNING GRT-0036] Pin io_oeb[31] is outside die area.
[WARNING GRT-0036] Pin io_oeb[32] is outside die area.
[WARNING GRT-0036] Pin io_oeb[33] is outside die area.
[WARNING GRT-0036] Pin io_oeb[34] is outside die area.
[WARNING GRT-0036] Pin io_oeb[35] is outside die area.
[WARNING GRT-0036] Pin io_oeb[36] is outside die area.
[WARNING GRT-0036] Pin io_oeb[37] is outside die area.
[WARNING GRT-0036] Pin io_oeb[3] is outside die area.
[WARNING GRT-0036] Pin io_oeb[4] is outside die area.
[WARNING GRT-0036] Pin io_oeb[5] is outside die area.
[WARNING GRT-0036] Pin io_oeb[6] is outside die area.
[WARNING GRT-0036] Pin io_oeb[7] is outside die area.
[WARNING GRT-0036] Pin io_oeb[8] is outside die area.
[WARNING GRT-0036] Pin io_oeb[9] is outside die area.
[WARNING GRT-0036] Pin io_out[0] is outside die area.
[WARNING GRT-0036] Pin io_out[10] is outside die area.
[WARNING GRT-0036] Pin io_out[11] is outside die area.
[WARNING GRT-0036] Pin io_out[12] is outside die area.
[WARNING GRT-0036] Pin io_out[13] is outside die area.
[WARNING GRT-0036] Pin io_out[14] is outside die area.
[WARNING GRT-0036] Pin io_out[15] is outside die area.
[WARNING GRT-0036] Pin io_out[16] is outside die area.
[WARNING GRT-0036] Pin io_out[17] is outside die area.
[WARNING GRT-0036] Pin io_out[18] is outside die area.
[WARNING GRT-0036] Pin io_out[19] is outside die area.
[WARNING GRT-0036] Pin io_out[1] is outside die area.
[WARNING GRT-0036] Pin io_out[20] is outside die area.
[WARNING GRT-0036] Pin io_out[21] is outside die area.
[WARNING GRT-0036] Pin io_out[22] is outside die area.
[WARNING GRT-0036] Pin io_out[23] is outside die area.
[WARNING GRT-0036] Pin io_out[24] is outside die area.
[WARNING GRT-0036] Pin io_out[25] is outside die area.
[WARNING GRT-0036] Pin io_out[26] is outside die area.
[WARNING GRT-0036] Pin io_out[27] is outside die area.
[WARNING GRT-0036] Pin io_out[28] is outside die area.
[WARNING GRT-0036] Pin io_out[29] is outside die area.
[WARNING GRT-0036] Pin io_out[2] is outside die area.
[WARNING GRT-0036] Pin io_out[30] is outside die area.
[WARNING GRT-0036] Pin io_out[31] is outside die area.
[WARNING GRT-0036] Pin io_out[32] is outside die area.
[WARNING GRT-0036] Pin io_out[33] is outside die area.
[WARNING GRT-0036] Pin io_out[34] is outside die area.
[WARNING GRT-0036] Pin io_out[35] is outside die area.
[WARNING GRT-0036] Pin io_out[36] is outside die area.
[WARNING GRT-0036] Pin io_out[37] is outside die area.
[WARNING GRT-0036] Pin io_out[3] is outside die area.
[WARNING GRT-0036] Pin io_out[4] is outside die area.
[WARNING GRT-0036] Pin io_out[5] is outside die area.
[WARNING GRT-0036] Pin io_out[6] is outside die area.
[WARNING GRT-0036] Pin io_out[7] is outside die area.
[WARNING GRT-0036] Pin io_out[8] is outside die area.
[WARNING GRT-0036] Pin io_out[9] is outside die area.
[WARNING GRT-0036] Pin la_data_in[0] is outside die area.
[WARNING GRT-0036] Pin la_data_in[100] is outside die area.
[WARNING GRT-0036] Pin la_data_in[101] is outside die area.
[WARNING GRT-0036] Pin la_data_in[102] is outside die area.
[WARNING GRT-0036] Pin la_data_in[103] is outside die area.
[WARNING GRT-0036] Pin la_data_in[104] is outside die area.
[WARNING GRT-0036] Pin la_data_in[105] is outside die area.
[WARNING GRT-0036] Pin la_data_in[106] is outside die area.
[WARNING GRT-0036] Pin la_data_in[107] is outside die area.
[WARNING GRT-0036] Pin la_data_in[108] is outside die area.
[WARNING GRT-0036] Pin la_data_in[109] is outside die area.
[WARNING GRT-0036] Pin la_data_in[10] is outside die area.
[WARNING GRT-0036] Pin la_data_in[110] is outside die area.
[WARNING GRT-0036] Pin la_data_in[111] is outside die area.
[WARNING GRT-0036] Pin la_data_in[112] is outside die area.
[WARNING GRT-0036] Pin la_data_in[113] is outside die area.
[WARNING GRT-0036] Pin la_data_in[114] is outside die area.
[WARNING GRT-0036] Pin la_data_in[115] is outside die area.
[WARNING GRT-0036] Pin la_data_in[116] is outside die area.
[WARNING GRT-0036] Pin la_data_in[117] is outside die area.
[WARNING GRT-0036] Pin la_data_in[118] is outside die area.
[WARNING GRT-0036] Pin la_data_in[119] is outside die area.
[WARNING GRT-0036] Pin la_data_in[11] is outside die area.
[WARNING GRT-0036] Pin la_data_in[120] is outside die area.
[WARNING GRT-0036] Pin la_data_in[121] is outside die area.
[WARNING GRT-0036] Pin la_data_in[122] is outside die area.
[WARNING GRT-0036] Pin la_data_in[123] is outside die area.
[WARNING GRT-0036] Pin la_data_in[124] is outside die area.
[WARNING GRT-0036] Pin la_data_in[125] is outside die area.
[WARNING GRT-0036] Pin la_data_in[126] is outside die area.
[WARNING GRT-0036] Pin la_data_in[127] is outside die area.
[WARNING GRT-0036] Pin la_data_in[12] is outside die area.
[WARNING GRT-0036] Pin la_data_in[13] is outside die area.
[WARNING GRT-0036] Pin la_data_in[14] is outside die area.
[WARNING GRT-0036] Pin la_data_in[15] is outside die area.
[WARNING GRT-0036] Pin la_data_in[16] is outside die area.
[WARNING GRT-0036] Pin la_data_in[17] is outside die area.
[WARNING GRT-0036] Pin la_data_in[18] is outside die area.
[WARNING GRT-0036] Pin la_data_in[19] is outside die area.
[WARNING GRT-0036] Pin la_data_in[1] is outside die area.
[WARNING GRT-0036] Pin la_data_in[20] is outside die area.
[WARNING GRT-0036] Pin la_data_in[21] is outside die area.
[WARNING GRT-0036] Pin la_data_in[22] is outside die area.
[WARNING GRT-0036] Pin la_data_in[23] is outside die area.
[WARNING GRT-0036] Pin la_data_in[24] is outside die area.
[WARNING GRT-0036] Pin la_data_in[25] is outside die area.
[WARNING GRT-0036] Pin la_data_in[26] is outside die area.
[WARNING GRT-0036] Pin la_data_in[27] is outside die area.
[WARNING GRT-0036] Pin la_data_in[28] is outside die area.
[WARNING GRT-0036] Pin la_data_in[29] is outside die area.
[WARNING GRT-0036] Pin la_data_in[2] is outside die area.
[WARNING GRT-0036] Pin la_data_in[30] is outside die area.
[WARNING GRT-0036] Pin la_data_in[31] is outside die area.
[WARNING GRT-0036] Pin la_data_in[32] is outside die area.
[WARNING GRT-0036] Pin la_data_in[33] is outside die area.
[WARNING GRT-0036] Pin la_data_in[34] is outside die area.
[WARNING GRT-0036] Pin la_data_in[35] is outside die area.
[WARNING GRT-0036] Pin la_data_in[36] is outside die area.
[WARNING GRT-0036] Pin la_data_in[37] is outside die area.
[WARNING GRT-0036] Pin la_data_in[38] is outside die area.
[WARNING GRT-0036] Pin la_data_in[39] is outside die area.
[WARNING GRT-0036] Pin la_data_in[3] is outside die area.
[WARNING GRT-0036] Pin la_data_in[40] is outside die area.
[WARNING GRT-0036] Pin la_data_in[41] is outside die area.
[WARNING GRT-0036] Pin la_data_in[42] is outside die area.
[WARNING GRT-0036] Pin la_data_in[43] is outside die area.
[WARNING GRT-0036] Pin la_data_in[44] is outside die area.
[WARNING GRT-0036] Pin la_data_in[45] is outside die area.
[WARNING GRT-0036] Pin la_data_in[46] is outside die area.
[WARNING GRT-0036] Pin la_data_in[47] is outside die area.
[WARNING GRT-0036] Pin la_data_in[48] is outside die area.
[WARNING GRT-0036] Pin la_data_in[49] is outside die area.
[WARNING GRT-0036] Pin la_data_in[4] is outside die area.
[WARNING GRT-0036] Pin la_data_in[50] is outside die area.
[WARNING GRT-0036] Pin la_data_in[51] is outside die area.
[WARNING GRT-0036] Pin la_data_in[52] is outside die area.
[WARNING GRT-0036] Pin la_data_in[53] is outside die area.
[WARNING GRT-0036] Pin la_data_in[54] is outside die area.
[WARNING GRT-0036] Pin la_data_in[55] is outside die area.
[WARNING GRT-0036] Pin la_data_in[56] is outside die area.
[WARNING GRT-0036] Pin la_data_in[57] is outside die area.
[WARNING GRT-0036] Pin la_data_in[58] is outside die area.
[WARNING GRT-0036] Pin la_data_in[59] is outside die area.
[WARNING GRT-0036] Pin la_data_in[5] is outside die area.
[WARNING GRT-0036] Pin la_data_in[60] is outside die area.
[WARNING GRT-0036] Pin la_data_in[61] is outside die area.
[WARNING GRT-0036] Pin la_data_in[62] is outside die area.
[WARNING GRT-0036] Pin la_data_in[63] is outside die area.
[WARNING GRT-0036] Pin la_data_in[64] is outside die area.
[WARNING GRT-0036] Pin la_data_in[65] is outside die area.
[WARNING GRT-0036] Pin la_data_in[66] is outside die area.
[WARNING GRT-0036] Pin la_data_in[67] is outside die area.
[WARNING GRT-0036] Pin la_data_in[68] is outside die area.
[WARNING GRT-0036] Pin la_data_in[69] is outside die area.
[WARNING GRT-0036] Pin la_data_in[6] is outside die area.
[WARNING GRT-0036] Pin la_data_in[70] is outside die area.
[WARNING GRT-0036] Pin la_data_in[71] is outside die area.
[WARNING GRT-0036] Pin la_data_in[72] is outside die area.
[WARNING GRT-0036] Pin la_data_in[73] is outside die area.
[WARNING GRT-0036] Pin la_data_in[74] is outside die area.
[WARNING GRT-0036] Pin la_data_in[75] is outside die area.
[WARNING GRT-0036] Pin la_data_in[76] is outside die area.
[WARNING GRT-0036] Pin la_data_in[77] is outside die area.
[WARNING GRT-0036] Pin la_data_in[78] is outside die area.
[WARNING GRT-0036] Pin la_data_in[79] is outside die area.
[WARNING GRT-0036] Pin la_data_in[7] is outside die area.
[WARNING GRT-0036] Pin la_data_in[80] is outside die area.
[WARNING GRT-0036] Pin la_data_in[81] is outside die area.
[WARNING GRT-0036] Pin la_data_in[82] is outside die area.
[WARNING GRT-0036] Pin la_data_in[83] is outside die area.
[WARNING GRT-0036] Pin la_data_in[84] is outside die area.
[WARNING GRT-0036] Pin la_data_in[85] is outside die area.
[WARNING GRT-0036] Pin la_data_in[86] is outside die area.
[WARNING GRT-0036] Pin la_data_in[87] is outside die area.
[WARNING GRT-0036] Pin la_data_in[88] is outside die area.
[WARNING GRT-0036] Pin la_data_in[89] is outside die area.
[WARNING GRT-0036] Pin la_data_in[8] is outside die area.
[WARNING GRT-0036] Pin la_data_in[90] is outside die area.
[WARNING GRT-0036] Pin la_data_in[91] is outside die area.
[WARNING GRT-0036] Pin la_data_in[92] is outside die area.
[WARNING GRT-0036] Pin la_data_in[93] is outside die area.
[WARNING GRT-0036] Pin la_data_in[94] is outside die area.
[WARNING GRT-0036] Pin la_data_in[95] is outside die area.
[WARNING GRT-0036] Pin la_data_in[96] is outside die area.
[WARNING GRT-0036] Pin la_data_in[97] is outside die area.
[WARNING GRT-0036] Pin la_data_in[98] is outside die area.
[WARNING GRT-0036] Pin la_data_in[99] is outside die area.
[WARNING GRT-0036] Pin la_data_in[9] is outside die area.
[WARNING GRT-0036] Pin la_data_out[0] is outside die area.
[WARNING GRT-0036] Pin la_data_out[100] is outside die area.
[WARNING GRT-0036] Pin la_data_out[101] is outside die area.
[WARNING GRT-0036] Pin la_data_out[102] is outside die area.
[WARNING GRT-0036] Pin la_data_out[103] is outside die area.
[WARNING GRT-0036] Pin la_data_out[104] is outside die area.
[WARNING GRT-0036] Pin la_data_out[105] is outside die area.
[WARNING GRT-0036] Pin la_data_out[106] is outside die area.
[WARNING GRT-0036] Pin la_data_out[107] is outside die area.
[WARNING GRT-0036] Pin la_data_out[108] is outside die area.
[WARNING GRT-0036] Pin la_data_out[109] is outside die area.
[WARNING GRT-0036] Pin la_data_out[10] is outside die area.
[WARNING GRT-0036] Pin la_data_out[110] is outside die area.
[WARNING GRT-0036] Pin la_data_out[111] is outside die area.
[WARNING GRT-0036] Pin la_data_out[112] is outside die area.
[WARNING GRT-0036] Pin la_data_out[113] is outside die area.
[WARNING GRT-0036] Pin la_data_out[114] is outside die area.
[WARNING GRT-0036] Pin la_data_out[115] is outside die area.
[WARNING GRT-0036] Pin la_data_out[116] is outside die area.
[WARNING GRT-0036] Pin la_data_out[117] is outside die area.
[WARNING GRT-0036] Pin la_data_out[118] is outside die area.
[WARNING GRT-0036] Pin la_data_out[119] is outside die area.
[WARNING GRT-0036] Pin la_data_out[11] is outside die area.
[WARNING GRT-0036] Pin la_data_out[120] is outside die area.
[WARNING GRT-0036] Pin la_data_out[121] is outside die area.
[WARNING GRT-0036] Pin la_data_out[122] is outside die area.
[WARNING GRT-0036] Pin la_data_out[123] is outside die area.
[WARNING GRT-0036] Pin la_data_out[124] is outside die area.
[WARNING GRT-0036] Pin la_data_out[125] is outside die area.
[WARNING GRT-0036] Pin la_data_out[126] is outside die area.
[WARNING GRT-0036] Pin la_data_out[127] is outside die area.
[WARNING GRT-0036] Pin la_data_out[12] is outside die area.
[WARNING GRT-0036] Pin la_data_out[13] is outside die area.
[WARNING GRT-0036] Pin la_data_out[14] is outside die area.
[WARNING GRT-0036] Pin la_data_out[15] is outside die area.
[WARNING GRT-0036] Pin la_data_out[16] is outside die area.
[WARNING GRT-0036] Pin la_data_out[17] is outside die area.
[WARNING GRT-0036] Pin la_data_out[18] is outside die area.
[WARNING GRT-0036] Pin la_data_out[19] is outside die area.
[WARNING GRT-0036] Pin la_data_out[1] is outside die area.
[WARNING GRT-0036] Pin la_data_out[20] is outside die area.
[WARNING GRT-0036] Pin la_data_out[21] is outside die area.
[WARNING GRT-0036] Pin la_data_out[22] is outside die area.
[WARNING GRT-0036] Pin la_data_out[23] is outside die area.
[WARNING GRT-0036] Pin la_data_out[24] is outside die area.
[WARNING GRT-0036] Pin la_data_out[25] is outside die area.
[WARNING GRT-0036] Pin la_data_out[26] is outside die area.
[WARNING GRT-0036] Pin la_data_out[27] is outside die area.
[WARNING GRT-0036] Pin la_data_out[28] is outside die area.
[WARNING GRT-0036] Pin la_data_out[29] is outside die area.
[WARNING GRT-0036] Pin la_data_out[2] is outside die area.
[WARNING GRT-0036] Pin la_data_out[30] is outside die area.
[WARNING GRT-0036] Pin la_data_out[31] is outside die area.
[WARNING GRT-0036] Pin la_data_out[32] is outside die area.
[WARNING GRT-0036] Pin la_data_out[33] is outside die area.
[WARNING GRT-0036] Pin la_data_out[34] is outside die area.
[WARNING GRT-0036] Pin la_data_out[35] is outside die area.
[WARNING GRT-0036] Pin la_data_out[36] is outside die area.
[WARNING GRT-0036] Pin la_data_out[37] is outside die area.
[WARNING GRT-0036] Pin la_data_out[38] is outside die area.
[WARNING GRT-0036] Pin la_data_out[39] is outside die area.
[WARNING GRT-0036] Pin la_data_out[3] is outside die area.
[WARNING GRT-0036] Pin la_data_out[40] is outside die area.
[WARNING GRT-0036] Pin la_data_out[41] is outside die area.
[WARNING GRT-0036] Pin la_data_out[42] is outside die area.
[WARNING GRT-0036] Pin la_data_out[43] is outside die area.
[WARNING GRT-0036] Pin la_data_out[44] is outside die area.
[WARNING GRT-0036] Pin la_data_out[45] is outside die area.
[WARNING GRT-0036] Pin la_data_out[46] is outside die area.
[WARNING GRT-0036] Pin la_data_out[47] is outside die area.
[WARNING GRT-0036] Pin la_data_out[48] is outside die area.
[WARNING GRT-0036] Pin la_data_out[49] is outside die area.
[WARNING GRT-0036] Pin la_data_out[4] is outside die area.
[WARNING GRT-0036] Pin la_data_out[50] is outside die area.
[WARNING GRT-0036] Pin la_data_out[51] is outside die area.
[WARNING GRT-0036] Pin la_data_out[52] is outside die area.
[WARNING GRT-0036] Pin la_data_out[53] is outside die area.
[WARNING GRT-0036] Pin la_data_out[54] is outside die area.
[WARNING GRT-0036] Pin la_data_out[55] is outside die area.
[WARNING GRT-0036] Pin la_data_out[56] is outside die area.
[WARNING GRT-0036] Pin la_data_out[57] is outside die area.
[WARNING GRT-0036] Pin la_data_out[58] is outside die area.
[WARNING GRT-0036] Pin la_data_out[59] is outside die area.
[WARNING GRT-0036] Pin la_data_out[5] is outside die area.
[WARNING GRT-0036] Pin la_data_out[60] is outside die area.
[WARNING GRT-0036] Pin la_data_out[61] is outside die area.
[WARNING GRT-0036] Pin la_data_out[62] is outside die area.
[WARNING GRT-0036] Pin la_data_out[63] is outside die area.
[WARNING GRT-0036] Pin la_data_out[64] is outside die area.
[WARNING GRT-0036] Pin la_data_out[65] is outside die area.
[WARNING GRT-0036] Pin la_data_out[66] is outside die area.
[WARNING GRT-0036] Pin la_data_out[67] is outside die area.
[WARNING GRT-0036] Pin la_data_out[68] is outside die area.
[WARNING GRT-0036] Pin la_data_out[69] is outside die area.
[WARNING GRT-0036] Pin la_data_out[6] is outside die area.
[WARNING GRT-0036] Pin la_data_out[70] is outside die area.
[WARNING GRT-0036] Pin la_data_out[71] is outside die area.
[WARNING GRT-0036] Pin la_data_out[72] is outside die area.
[WARNING GRT-0036] Pin la_data_out[73] is outside die area.
[WARNING GRT-0036] Pin la_data_out[74] is outside die area.
[WARNING GRT-0036] Pin la_data_out[75] is outside die area.
[WARNING GRT-0036] Pin la_data_out[76] is outside die area.
[WARNING GRT-0036] Pin la_data_out[77] is outside die area.
[WARNING GRT-0036] Pin la_data_out[78] is outside die area.
[WARNING GRT-0036] Pin la_data_out[79] is outside die area.
[WARNING GRT-0036] Pin la_data_out[7] is outside die area.
[WARNING GRT-0036] Pin la_data_out[80] is outside die area.
[WARNING GRT-0036] Pin la_data_out[81] is outside die area.
[WARNING GRT-0036] Pin la_data_out[82] is outside die area.
[WARNING GRT-0036] Pin la_data_out[83] is outside die area.
[WARNING GRT-0036] Pin la_data_out[84] is outside die area.
[WARNING GRT-0036] Pin la_data_out[85] is outside die area.
[WARNING GRT-0036] Pin la_data_out[86] is outside die area.
[WARNING GRT-0036] Pin la_data_out[87] is outside die area.
[WARNING GRT-0036] Pin la_data_out[88] is outside die area.
[WARNING GRT-0036] Pin la_data_out[89] is outside die area.
[WARNING GRT-0036] Pin la_data_out[8] is outside die area.
[WARNING GRT-0036] Pin la_data_out[90] is outside die area.
[WARNING GRT-0036] Pin la_data_out[91] is outside die area.
[WARNING GRT-0036] Pin la_data_out[92] is outside die area.
[WARNING GRT-0036] Pin la_data_out[93] is outside die area.
[WARNING GRT-0036] Pin la_data_out[94] is outside die area.
[WARNING GRT-0036] Pin la_data_out[95] is outside die area.
[WARNING GRT-0036] Pin la_data_out[96] is outside die area.
[WARNING GRT-0036] Pin la_data_out[97] is outside die area.
[WARNING GRT-0036] Pin la_data_out[98] is outside die area.
[WARNING GRT-0036] Pin la_data_out[99] is outside die area.
[WARNING GRT-0036] Pin la_data_out[9] is outside die area.
[WARNING GRT-0036] Pin la_oenb[0] is outside die area.
[WARNING GRT-0036] Pin la_oenb[100] is outside die area.
[WARNING GRT-0036] Pin la_oenb[101] is outside die area.
[WARNING GRT-0036] Pin la_oenb[102] is outside die area.
[WARNING GRT-0036] Pin la_oenb[103] is outside die area.
[WARNING GRT-0036] Pin la_oenb[104] is outside die area.
[WARNING GRT-0036] Pin la_oenb[105] is outside die area.
[WARNING GRT-0036] Pin la_oenb[106] is outside die area.
[WARNING GRT-0036] Pin la_oenb[107] is outside die area.
[WARNING GRT-0036] Pin la_oenb[108] is outside die area.
[WARNING GRT-0036] Pin la_oenb[109] is outside die area.
[WARNING GRT-0036] Pin la_oenb[10] is outside die area.
[WARNING GRT-0036] Pin la_oenb[110] is outside die area.
[WARNING GRT-0036] Pin la_oenb[111] is outside die area.
[WARNING GRT-0036] Pin la_oenb[112] is outside die area.
[WARNING GRT-0036] Pin la_oenb[113] is outside die area.
[WARNING GRT-0036] Pin la_oenb[114] is outside die area.
[WARNING GRT-0036] Pin la_oenb[115] is outside die area.
[WARNING GRT-0036] Pin la_oenb[116] is outside die area.
[WARNING GRT-0036] Pin la_oenb[117] is outside die area.
[WARNING GRT-0036] Pin la_oenb[118] is outside die area.
[WARNING GRT-0036] Pin la_oenb[119] is outside die area.
[WARNING GRT-0036] Pin la_oenb[11] is outside die area.
[WARNING GRT-0036] Pin la_oenb[120] is outside die area.
[WARNING GRT-0036] Pin la_oenb[121] is outside die area.
[WARNING GRT-0036] Pin la_oenb[122] is outside die area.
[WARNING GRT-0036] Pin la_oenb[123] is outside die area.
[WARNING GRT-0036] Pin la_oenb[124] is outside die area.
[WARNING GRT-0036] Pin la_oenb[125] is outside die area.
[WARNING GRT-0036] Pin la_oenb[126] is outside die area.
[WARNING GRT-0036] Pin la_oenb[127] is outside die area.
[WARNING GRT-0036] Pin la_oenb[12] is outside die area.
[WARNING GRT-0036] Pin la_oenb[13] is outside die area.
[WARNING GRT-0036] Pin la_oenb[14] is outside die area.
[WARNING GRT-0036] Pin la_oenb[15] is outside die area.
[WARNING GRT-0036] Pin la_oenb[16] is outside die area.
[WARNING GRT-0036] Pin la_oenb[17] is outside die area.
[WARNING GRT-0036] Pin la_oenb[18] is outside die area.
[WARNING GRT-0036] Pin la_oenb[19] is outside die area.
[WARNING GRT-0036] Pin la_oenb[1] is outside die area.
[WARNING GRT-0036] Pin la_oenb[20] is outside die area.
[WARNING GRT-0036] Pin la_oenb[21] is outside die area.
[WARNING GRT-0036] Pin la_oenb[22] is outside die area.
[WARNING GRT-0036] Pin la_oenb[23] is outside die area.
[WARNING GRT-0036] Pin la_oenb[24] is outside die area.
[WARNING GRT-0036] Pin la_oenb[25] is outside die area.
[WARNING GRT-0036] Pin la_oenb[26] is outside die area.
[WARNING GRT-0036] Pin la_oenb[27] is outside die area.
[WARNING GRT-0036] Pin la_oenb[28] is outside die area.
[WARNING GRT-0036] Pin la_oenb[29] is outside die area.
[WARNING GRT-0036] Pin la_oenb[2] is outside die area.
[WARNING GRT-0036] Pin la_oenb[30] is outside die area.
[WARNING GRT-0036] Pin la_oenb[31] is outside die area.
[WARNING GRT-0036] Pin la_oenb[32] is outside die area.
[WARNING GRT-0036] Pin la_oenb[33] is outside die area.
[WARNING GRT-0036] Pin la_oenb[34] is outside die area.
[WARNING GRT-0036] Pin la_oenb[35] is outside die area.
[WARNING GRT-0036] Pin la_oenb[36] is outside die area.
[WARNING GRT-0036] Pin la_oenb[37] is outside die area.
[WARNING GRT-0036] Pin la_oenb[38] is outside die area.
[WARNING GRT-0036] Pin la_oenb[39] is outside die area.
[WARNING GRT-0036] Pin la_oenb[3] is outside die area.
[WARNING GRT-0036] Pin la_oenb[40] is outside die area.
[WARNING GRT-0036] Pin la_oenb[41] is outside die area.
[WARNING GRT-0036] Pin la_oenb[42] is outside die area.
[WARNING GRT-0036] Pin la_oenb[43] is outside die area.
[WARNING GRT-0036] Pin la_oenb[44] is outside die area.
[WARNING GRT-0036] Pin la_oenb[45] is outside die area.
[WARNING GRT-0036] Pin la_oenb[46] is outside die area.
[WARNING GRT-0036] Pin la_oenb[47] is outside die area.
[WARNING GRT-0036] Pin la_oenb[48] is outside die area.
[WARNING GRT-0036] Pin la_oenb[49] is outside die area.
[WARNING GRT-0036] Pin la_oenb[4] is outside die area.
[WARNING GRT-0036] Pin la_oenb[50] is outside die area.
[WARNING GRT-0036] Pin la_oenb[51] is outside die area.
[WARNING GRT-0036] Pin la_oenb[52] is outside die area.
[WARNING GRT-0036] Pin la_oenb[53] is outside die area.
[WARNING GRT-0036] Pin la_oenb[54] is outside die area.
[WARNING GRT-0036] Pin la_oenb[55] is outside die area.
[WARNING GRT-0036] Pin la_oenb[56] is outside die area.
[WARNING GRT-0036] Pin la_oenb[57] is outside die area.
[WARNING GRT-0036] Pin la_oenb[58] is outside die area.
[WARNING GRT-0036] Pin la_oenb[59] is outside die area.
[WARNING GRT-0036] Pin la_oenb[5] is outside die area.
[WARNING GRT-0036] Pin la_oenb[60] is outside die area.
[WARNING GRT-0036] Pin la_oenb[61] is outside die area.
[WARNING GRT-0036] Pin la_oenb[62] is outside die area.
[WARNING GRT-0036] Pin la_oenb[63] is outside die area.
[WARNING GRT-0036] Pin la_oenb[64] is outside die area.
[WARNING GRT-0036] Pin la_oenb[65] is outside die area.
[WARNING GRT-0036] Pin la_oenb[66] is outside die area.
[WARNING GRT-0036] Pin la_oenb[67] is outside die area.
[WARNING GRT-0036] Pin la_oenb[68] is outside die area.
[WARNING GRT-0036] Pin la_oenb[69] is outside die area.
[WARNING GRT-0036] Pin la_oenb[6] is outside die area.
[WARNING GRT-0036] Pin la_oenb[70] is outside die area.
[WARNING GRT-0036] Pin la_oenb[71] is outside die area.
[WARNING GRT-0036] Pin la_oenb[72] is outside die area.
[WARNING GRT-0036] Pin la_oenb[73] is outside die area.
[WARNING GRT-0036] Pin la_oenb[74] is outside die area.
[WARNING GRT-0036] Pin la_oenb[75] is outside die area.
[WARNING GRT-0036] Pin la_oenb[76] is outside die area.
[WARNING GRT-0036] Pin la_oenb[77] is outside die area.
[WARNING GRT-0036] Pin la_oenb[78] is outside die area.
[WARNING GRT-0036] Pin la_oenb[79] is outside die area.
[WARNING GRT-0036] Pin la_oenb[7] is outside die area.
[WARNING GRT-0036] Pin la_oenb[80] is outside die area.
[WARNING GRT-0036] Pin la_oenb[81] is outside die area.
[WARNING GRT-0036] Pin la_oenb[82] is outside die area.
[WARNING GRT-0036] Pin la_oenb[83] is outside die area.
[WARNING GRT-0036] Pin la_oenb[84] is outside die area.
[WARNING GRT-0036] Pin la_oenb[85] is outside die area.
[WARNING GRT-0036] Pin la_oenb[86] is outside die area.
[WARNING GRT-0036] Pin la_oenb[87] is outside die area.
[WARNING GRT-0036] Pin la_oenb[88] is outside die area.
[WARNING GRT-0036] Pin la_oenb[89] is outside die area.
[WARNING GRT-0036] Pin la_oenb[8] is outside die area.
[WARNING GRT-0036] Pin la_oenb[90] is outside die area.
[WARNING GRT-0036] Pin la_oenb[91] is outside die area.
[WARNING GRT-0036] Pin la_oenb[92] is outside die area.
[WARNING GRT-0036] Pin la_oenb[93] is outside die area.
[WARNING GRT-0036] Pin la_oenb[94] is outside die area.
[WARNING GRT-0036] Pin la_oenb[95] is outside die area.
[WARNING GRT-0036] Pin la_oenb[96] is outside die area.
[WARNING GRT-0036] Pin la_oenb[97] is outside die area.
[WARNING GRT-0036] Pin la_oenb[98] is outside die area.
[WARNING GRT-0036] Pin la_oenb[99] is outside die area.
[WARNING GRT-0036] Pin la_oenb[9] is outside die area.
[WARNING GRT-0036] Pin user_clock2 is outside die area.
[WARNING GRT-0036] Pin user_irq[0] is outside die area.
[WARNING GRT-0036] Pin user_irq[1] is outside die area.
[WARNING GRT-0036] Pin user_irq[2] is outside die area.
[WARNING GRT-0036] Pin wb_clk_i is outside die area.
[WARNING GRT-0036] Pin wb_rst_i is outside die area.
[WARNING GRT-0036] Pin wbs_ack_o is outside die area.
[WARNING GRT-0036] Pin wbs_adr_i[0] is outside die area.
[WARNING GRT-0036] Pin wbs_adr_i[10] is outside die area.
[WARNING GRT-0036] Pin wbs_adr_i[11] is outside die area.
[WARNING GRT-0036] Pin wbs_adr_i[12] is outside die area.
[WARNING GRT-0036] Pin wbs_adr_i[13] is outside die area.
[WARNING GRT-0036] Pin wbs_adr_i[14] is outside die area.
[WARNING GRT-0036] Pin wbs_adr_i[15] is outside die area.
[WARNING GRT-0036] Pin wbs_adr_i[16] is outside die area.
[WARNING GRT-0036] Pin wbs_adr_i[17] is outside die area.
[WARNING GRT-0036] Pin wbs_adr_i[18] is outside die area.
[WARNING GRT-0036] Pin wbs_adr_i[19] is outside die area.
[WARNING GRT-0036] Pin wbs_adr_i[1] is outside die area.
[WARNING GRT-0036] Pin wbs_adr_i[20] is outside die area.
[WARNING GRT-0036] Pin wbs_adr_i[21] is outside die area.
[WARNING GRT-0036] Pin wbs_adr_i[22] is outside die area.
[WARNING GRT-0036] Pin wbs_adr_i[23] is outside die area.
[WARNING GRT-0036] Pin wbs_adr_i[24] is outside die area.
[WARNING GRT-0036] Pin wbs_adr_i[25] is outside die area.
[WARNING GRT-0036] Pin wbs_adr_i[26] is outside die area.
[WARNING GRT-0036] Pin wbs_adr_i[27] is outside die area.
[WARNING GRT-0036] Pin wbs_adr_i[28] is outside die area.
[WARNING GRT-0036] Pin wbs_adr_i[29] is outside die area.
[WARNING GRT-0036] Pin wbs_adr_i[2] is outside die area.
[WARNING GRT-0036] Pin wbs_adr_i[30] is outside die area.
[WARNING GRT-0036] Pin wbs_adr_i[31] is outside die area.
[WARNING GRT-0036] Pin wbs_adr_i[3] is outside die area.
[WARNING GRT-0036] Pin wbs_adr_i[4] is outside die area.
[WARNING GRT-0036] Pin wbs_adr_i[5] is outside die area.
[WARNING GRT-0036] Pin wbs_adr_i[6] is outside die area.
[WARNING GRT-0036] Pin wbs_adr_i[7] is outside die area.
[WARNING GRT-0036] Pin wbs_adr_i[8] is outside die area.
[WARNING GRT-0036] Pin wbs_adr_i[9] is outside die area.
[WARNING GRT-0036] Pin wbs_cyc_i is outside die area.
[WARNING GRT-0036] Pin wbs_dat_i[0] is outside die area.
[WARNING GRT-0036] Pin wbs_dat_i[10] is outside die area.
[WARNING GRT-0036] Pin wbs_dat_i[11] is outside die area.
[WARNING GRT-0036] Pin wbs_dat_i[12] is outside die area.
[WARNING GRT-0036] Pin wbs_dat_i[13] is outside die area.
[WARNING GRT-0036] Pin wbs_dat_i[14] is outside die area.
[WARNING GRT-0036] Pin wbs_dat_i[15] is outside die area.
[WARNING GRT-0036] Pin wbs_dat_i[16] is outside die area.
[WARNING GRT-0036] Pin wbs_dat_i[17] is outside die area.
[WARNING GRT-0036] Pin wbs_dat_i[18] is outside die area.
[WARNING GRT-0036] Pin wbs_dat_i[19] is outside die area.
[WARNING GRT-0036] Pin wbs_dat_i[1] is outside die area.
[WARNING GRT-0036] Pin wbs_dat_i[20] is outside die area.
[WARNING GRT-0036] Pin wbs_dat_i[21] is outside die area.
[WARNING GRT-0036] Pin wbs_dat_i[22] is outside die area.
[WARNING GRT-0036] Pin wbs_dat_i[23] is outside die area.
[WARNING GRT-0036] Pin wbs_dat_i[24] is outside die area.
[WARNING GRT-0036] Pin wbs_dat_i[25] is outside die area.
[WARNING GRT-0036] Pin wbs_dat_i[26] is outside die area.
[WARNING GRT-0036] Pin wbs_dat_i[27] is outside die area.
[WARNING GRT-0036] Pin wbs_dat_i[28] is outside die area.
[WARNING GRT-0036] Pin wbs_dat_i[29] is outside die area.
[WARNING GRT-0036] Pin wbs_dat_i[2] is outside die area.
[WARNING GRT-0036] Pin wbs_dat_i[30] is outside die area.
[WARNING GRT-0036] Pin wbs_dat_i[31] is outside die area.
[WARNING GRT-0036] Pin wbs_dat_i[3] is outside die area.
[WARNING GRT-0036] Pin wbs_dat_i[4] is outside die area.
[WARNING GRT-0036] Pin wbs_dat_i[5] is outside die area.
[WARNING GRT-0036] Pin wbs_dat_i[6] is outside die area.
[WARNING GRT-0036] Pin wbs_dat_i[7] is outside die area.
[WARNING GRT-0036] Pin wbs_dat_i[8] is outside die area.
[WARNING GRT-0036] Pin wbs_dat_i[9] is outside die area.
[WARNING GRT-0036] Pin wbs_dat_o[0] is outside die area.
[WARNING GRT-0036] Pin wbs_dat_o[10] is outside die area.
[WARNING GRT-0036] Pin wbs_dat_o[11] is outside die area.
[WARNING GRT-0036] Pin wbs_dat_o[12] is outside die area.
[WARNING GRT-0036] Pin wbs_dat_o[13] is outside die area.
[WARNING GRT-0036] Pin wbs_dat_o[14] is outside die area.
[WARNING GRT-0036] Pin wbs_dat_o[15] is outside die area.
[WARNING GRT-0036] Pin wbs_dat_o[16] is outside die area.
[WARNING GRT-0036] Pin wbs_dat_o[17] is outside die area.
[WARNING GRT-0036] Pin wbs_dat_o[18] is outside die area.
[WARNING GRT-0036] Pin wbs_dat_o[19] is outside die area.
[WARNING GRT-0036] Pin wbs_dat_o[1] is outside die area.
[WARNING GRT-0036] Pin wbs_dat_o[20] is outside die area.
[WARNING GRT-0036] Pin wbs_dat_o[21] is outside die area.
[WARNING GRT-0036] Pin wbs_dat_o[22] is outside die area.
[WARNING GRT-0036] Pin wbs_dat_o[23] is outside die area.
[WARNING GRT-0036] Pin wbs_dat_o[24] is outside die area.
[WARNING GRT-0036] Pin wbs_dat_o[25] is outside die area.
[WARNING GRT-0036] Pin wbs_dat_o[26] is outside die area.
[WARNING GRT-0036] Pin wbs_dat_o[27] is outside die area.
[WARNING GRT-0036] Pin wbs_dat_o[28] is outside die area.
[WARNING GRT-0036] Pin wbs_dat_o[29] is outside die area.
[WARNING GRT-0036] Pin wbs_dat_o[2] is outside die area.
[WARNING GRT-0036] Pin wbs_dat_o[30] is outside die area.
[WARNING GRT-0036] Pin wbs_dat_o[31] is outside die area.
[WARNING GRT-0036] Pin wbs_dat_o[3] is outside die area.
[WARNING GRT-0036] Pin wbs_dat_o[4] is outside die area.
[WARNING GRT-0036] Pin wbs_dat_o[5] is outside die area.
[WARNING GRT-0036] Pin wbs_dat_o[6] is outside die area.
[WARNING GRT-0036] Pin wbs_dat_o[7] is outside die area.
[WARNING GRT-0036] Pin wbs_dat_o[8] is outside die area.
[WARNING GRT-0036] Pin wbs_dat_o[9] is outside die area.
[WARNING GRT-0036] Pin wbs_sel_i[0] is outside die area.
[WARNING GRT-0036] Pin wbs_sel_i[1] is outside die area.
[WARNING GRT-0036] Pin wbs_sel_i[2] is outside die area.
[WARNING GRT-0036] Pin wbs_sel_i[3] is outside die area.
[WARNING GRT-0036] Pin wbs_stb_i is outside die area.
[WARNING GRT-0036] Pin wbs_we_i is outside die area.
[INFO GRT-0001] Minimum degree: 2
[INFO GRT-0002] Maximum degree: 267
[INFO GRT-0003] Macros: 2
[WARNING GRT-0040] Net vccd1 has wires outside die area.
[WARNING GRT-0040] Net vccd1 has wires outside die area.
[WARNING GRT-0040] Net vccd1 has wires outside die area.
[WARNING GRT-0040] Net vccd1 has wires outside die area.
[WARNING GRT-0040] Net vccd1 has wires outside die area.
[WARNING GRT-0040] Net vccd1 has wires outside die area.
[WARNING GRT-0040] Net vccd1 has wires outside die area.
[WARNING GRT-0040] Net vccd1 has wires outside die area.
[WARNING GRT-0040] Net vccd1 has wires outside die area.
[WARNING GRT-0040] Net vccd1 has wires outside die area.
[WARNING GRT-0040] Net vccd1 has wires outside die area.
[WARNING GRT-0040] Net vccd1 has wires outside die area.
[WARNING GRT-0040] Net vccd1 has wires outside die area.
[WARNING GRT-0040] Net vccd1 has wires outside die area.
[WARNING GRT-0040] Net vccd1 has wires outside die area.
[WARNING GRT-0040] Net vccd1 has wires outside die area.
[WARNING GRT-0040] Net vccd1 has wires outside die area.
[WARNING GRT-0040] Net vccd1 has wires outside die area.
[WARNING GRT-0040] Net vccd1 has wires outside die area.
[WARNING GRT-0040] Net vccd1 has wires outside die area.
[WARNING GRT-0040] Net vccd1 has wires outside die area.
[WARNING GRT-0040] Net vccd1 has wires outside die area.
[WARNING GRT-0040] Net vccd1 has wires outside die area.
[WARNING GRT-0040] Net vccd1 has wires outside die area.
[WARNING GRT-0040] Net vccd1 has wires outside die area.
[WARNING GRT-0040] Net vccd1 has wires outside die area.
[WARNING GRT-0040] Net vccd1 has wires outside die area.
[WARNING GRT-0040] Net vssd1 has wires outside die area.
[WARNING GRT-0040] Net vssd1 has wires outside die area.
[WARNING GRT-0040] Net vssd1 has wires outside die area.
[WARNING GRT-0040] Net vssd1 has wires outside die area.
[WARNING GRT-0040] Net vssd1 has wires outside die area.
[WARNING GRT-0040] Net vssd1 has wires outside die area.
[WARNING GRT-0040] Net vssd1 has wires outside die area.
[WARNING GRT-0040] Net vssd1 has wires outside die area.
[WARNING GRT-0040] Net vssd1 has wires outside die area.
[WARNING GRT-0040] Net vssd1 has wires outside die area.
[WARNING GRT-0040] Net vssd1 has wires outside die area.
[WARNING GRT-0040] Net vssd1 has wires outside die area.
[WARNING GRT-0040] Net vssd1 has wires outside die area.
[WARNING GRT-0040] Net vssd1 has wires outside die area.
[WARNING GRT-0040] Net vssd1 has wires outside die area.
[WARNING GRT-0040] Net vssd1 has wires outside die area.
[WARNING GRT-0040] Net vssd1 has wires outside die area.
[WARNING GRT-0040] Net vssd1 has wires outside die area.
[WARNING GRT-0040] Net vssd1 has wires outside die area.
[WARNING GRT-0040] Net vssd1 has wires outside die area.
[WARNING GRT-0040] Net vssd1 has wires outside die area.
[WARNING GRT-0040] Net vssd1 has wires outside die area.
[WARNING GRT-0040] Net vssd1 has wires outside die area.
[WARNING GRT-0040] Net vssd1 has wires outside die area.
[WARNING GRT-0040] Net vssd1 has wires outside die area.
[WARNING GRT-0040] Net vssd1 has wires outside die area.
[WARNING GRT-0040] Net vssd1 has wires outside die area.
[WARNING GRT-0040] Net vssd1 has wires outside die area.
[WARNING GRT-0040] Net vccd2 has wires outside die area.
[WARNING GRT-0040] Net vccd2 has wires outside die area.
[WARNING GRT-0040] Net vccd2 has wires outside die area.
[WARNING GRT-0040] Net vccd2 has wires outside die area.
[WARNING GRT-0040] Net vccd2 has wires outside die area.
[WARNING GRT-0040] Net vccd2 has wires outside die area.
[WARNING GRT-0040] Net vccd2 has wires outside die area.
[WARNING GRT-0040] Net vccd2 has wires outside die area.
[WARNING GRT-0040] Net vccd2 has wires outside die area.
[WARNING GRT-0040] Net vccd2 has wires outside die area.
[WARNING GRT-0040] Net vccd2 has wires outside die area.
[WARNING GRT-0040] Net vccd2 has wires outside die area.
[WARNING GRT-0040] Net vccd2 has wires outside die area.
[WARNING GRT-0040] Net vccd2 has wires outside die area.
[WARNING GRT-0040] Net vccd2 has wires outside die area.
[WARNING GRT-0040] Net vccd2 has wires outside die area.
[WARNING GRT-0040] Net vccd2 has wires outside die area.
[WARNING GRT-0040] Net vccd2 has wires outside die area.
[WARNING GRT-0040] Net vccd2 has wires outside die area.
[WARNING GRT-0040] Net vccd2 has wires outside die area.
[WARNING GRT-0040] Net vccd2 has wires outside die area.
[WARNING GRT-0040] Net vccd2 has wires outside die area.
[WARNING GRT-0040] Net vccd2 has wires outside die area.
[WARNING GRT-0040] Net vccd2 has wires outside die area.
[WARNING GRT-0040] Net vccd2 has wires outside die area.
[WARNING GRT-0040] Net vccd2 has wires outside die area.
[WARNING GRT-0040] Net vccd2 has wires outside die area.
[WARNING GRT-0040] Net vssd2 has wires outside die area.
[WARNING GRT-0040] Net vssd2 has wires outside die area.
[WARNING GRT-0040] Net vssd2 has wires outside die area.
[WARNING GRT-0040] Net vssd2 has wires outside die area.
[WARNING GRT-0040] Net vssd2 has wires outside die area.
[WARNING GRT-0040] Net vssd2 has wires outside die area.
[WARNING GRT-0040] Net vssd2 has wires outside die area.
[WARNING GRT-0040] Net vssd2 has wires outside die area.
[WARNING GRT-0040] Net vssd2 has wires outside die area.
[WARNING GRT-0040] Net vssd2 has wires outside die area.
[WARNING GRT-0040] Net vssd2 has wires outside die area.
[WARNING GRT-0040] Net vssd2 has wires outside die area.
[WARNING GRT-0040] Net vssd2 has wires outside die area.
[WARNING GRT-0040] Net vssd2 has wires outside die area.
[WARNING GRT-0040] Net vssd2 has wires outside die area.
[WARNING GRT-0040] Net vssd2 has wires outside die area.
[WARNING GRT-0040] Net vssd2 has wires outside die area.
[WARNING GRT-0040] Net vssd2 has wires outside die area.
[WARNING GRT-0040] Net vssd2 has wires outside die area.
[WARNING GRT-0040] Net vssd2 has wires outside die area.
[WARNING GRT-0040] Net vssd2 has wires outside die area.
[WARNING GRT-0040] Net vssd2 has wires outside die area.
[WARNING GRT-0040] Net vssd2 has wires outside die area.
[WARNING GRT-0040] Net vssd2 has wires outside die area.
[WARNING GRT-0040] Net vssd2 has wires outside die area.
[WARNING GRT-0040] Net vssd2 has wires outside die area.
[WARNING GRT-0040] Net vssd2 has wires outside die area.
[WARNING GRT-0040] Net vdda1 has wires outside die area.
[WARNING GRT-0040] Net vdda1 has wires outside die area.
[WARNING GRT-0040] Net vdda1 has wires outside die area.
[WARNING GRT-0040] Net vdda1 has wires outside die area.
[WARNING GRT-0040] Net vdda1 has wires outside die area.
[WARNING GRT-0040] Net vdda1 has wires outside die area.
[WARNING GRT-0040] Net vdda1 has wires outside die area.
[WARNING GRT-0040] Net vdda1 has wires outside die area.
[WARNING GRT-0040] Net vdda1 has wires outside die area.
[WARNING GRT-0040] Net vdda1 has wires outside die area.
[WARNING GRT-0040] Net vdda1 has wires outside die area.
[WARNING GRT-0040] Net vdda1 has wires outside die area.
[WARNING GRT-0040] Net vdda1 has wires outside die area.
[WARNING GRT-0040] Net vdda1 has wires outside die area.
[WARNING GRT-0040] Net vdda1 has wires outside die area.
[WARNING GRT-0040] Net vdda1 has wires outside die area.
[WARNING GRT-0040] Net vdda1 has wires outside die area.
[WARNING GRT-0040] Net vdda1 has wires outside die area.
[WARNING GRT-0040] Net vssa1 has wires outside die area.
[WARNING GRT-0040] Net vssa1 has wires outside die area.
[WARNING GRT-0040] Net vssa1 has wires outside die area.
[WARNING GRT-0040] Net vssa1 has wires outside die area.
[WARNING GRT-0040] Net vssa1 has wires outside die area.
[WARNING GRT-0040] Net vssa1 has wires outside die area.
[WARNING GRT-0040] Net vssa1 has wires outside die area.
[WARNING GRT-0040] Net vssa1 has wires outside die area.
[WARNING GRT-0040] Net vssa1 has wires outside die area.
[WARNING GRT-0040] Net vssa1 has wires outside die area.
[WARNING GRT-0040] Net vssa1 has wires outside die area.
[WARNING GRT-0040] Net vssa1 has wires outside die area.
[WARNING GRT-0040] Net vssa1 has wires outside die area.
[WARNING GRT-0040] Net vssa1 has wires outside die area.
[WARNING GRT-0040] Net vssa1 has wires outside die area.
[WARNING GRT-0040] Net vssa1 has wires outside die area.
[WARNING GRT-0040] Net vdda2 has wires outside die area.
[WARNING GRT-0040] Net vdda2 has wires outside die area.
[WARNING GRT-0040] Net vdda2 has wires outside die area.
[WARNING GRT-0040] Net vdda2 has wires outside die area.
[WARNING GRT-0040] Net vdda2 has wires outside die area.
[WARNING GRT-0040] Net vdda2 has wires outside die area.
[WARNING GRT-0040] Net vdda2 has wires outside die area.
[WARNING GRT-0040] Net vdda2 has wires outside die area.
[WARNING GRT-0040] Net vdda2 has wires outside die area.
[WARNING GRT-0040] Net vdda2 has wires outside die area.
[WARNING GRT-0040] Net vdda2 has wires outside die area.
[WARNING GRT-0040] Net vdda2 has wires outside die area.
[WARNING GRT-0040] Net vdda2 has wires outside die area.
[WARNING GRT-0040] Net vdda2 has wires outside die area.
[WARNING GRT-0040] Net vdda2 has wires outside die area.
[WARNING GRT-0040] Net vdda2 has wires outside die area.
[WARNING GRT-0040] Net vssa2 has wires outside die area.
[WARNING GRT-0040] Net vssa2 has wires outside die area.
[WARNING GRT-0040] Net vssa2 has wires outside die area.
[WARNING GRT-0040] Net vssa2 has wires outside die area.
[WARNING GRT-0040] Net vssa2 has wires outside die area.
[WARNING GRT-0040] Net vssa2 has wires outside die area.
[WARNING GRT-0040] Net vssa2 has wires outside die area.
[WARNING GRT-0040] Net vssa2 has wires outside die area.
[WARNING GRT-0040] Net vssa2 has wires outside die area.
[WARNING GRT-0040] Net vssa2 has wires outside die area.
[WARNING GRT-0040] Net vssa2 has wires outside die area.
[WARNING GRT-0040] Net vssa2 has wires outside die area.
[WARNING GRT-0040] Net vssa2 has wires outside die area.
[WARNING GRT-0040] Net vssa2 has wires outside die area.
[WARNING GRT-0040] Net vssa2 has wires outside die area.
[WARNING GRT-0040] Net vssa2 has wires outside die area.
[INFO GRT-0004] Blockages: 7752

[INFO GRT-0053] Routing resources analysis:
          Routing      Original      Derated      Resource
Layer     Direction    Resources     Resources    Reduction (%)
---------------------------------------------------------------
li1        Vertical            0             0          0.00%
met1       Horizontal    4314600       2827016          34.48%
met2       Vertical      3235950       2031429          37.22%
met3       Horizontal    2157300       1419356          34.21%
met4       Vertical      1510110        682125          54.83%
---------------------------------------------------------------

[INFO GRT-0101] Running extra iterations to remove overflow.
[INFO GRT-0103] Extra Run for hard benchmark.
[INFO GRT-0197] Via related to pin nodes: 39480
[INFO GRT-0198] Via related Steiner nodes: 3402
[INFO GRT-0199] Via filling finished.
[INFO GRT-0111] Final number of vias: 134804
[INFO GRT-0112] Final usage 3D: 3743051
[ERROR GRT-0118] Routing congestion too high. Check the congestion heatmap in the GUI.
Error: resizer_routing_timing.tcl, 39 GRT-0118
